执行日期：2017-03-23-17:55:41
【接收到的notify通知】:
<xml><appid><![CDATA[wxf4426e87f12503e3]]></appid>
<bank_type><![CDATA[CFT]]></bank_type>
<cash_fee><![CDATA[1]]></cash_fee>
<fee_type><![CDATA[CNY]]></fee_type>
<is_subscribe><![CDATA[Y]]></is_subscribe>
<mch_id><![CDATA[1260696401]]></mch_id>
<nonce_str><![CDATA[8cb8chqha59lvdn5d5k9amnr8zztak5o]]></nonce_str>
<openid><![CDATA[oPUQMwIPbTzEK6cLF6mk0oVk-Rd0]]></openid>
<out_trade_no><![CDATA[2017032313450]]></out_trade_no>
<result_code><![CDATA[SUCCESS]]></result_code>
<return_code><![CDATA[SUCCESS]]></return_code>
<sign><![CDATA[4EAF61F62E45F02DCBA446E964111782]]></sign>
<time_end><![CDATA[20170323175540]]></time_end>
<total_fee>1</total_fee>
<trade_type><![CDATA[JSAPI]]></trade_type>
<transaction_id><![CDATA[4003832001201703234379178158]]></transaction_id>
</xml>


执行日期：2017-03-23-18:00:54
【接收到的notify通知】:
<xml><appid><![CDATA[wxf4426e87f12503e3]]></appid>
<bank_type><![CDATA[CFT]]></bank_type>
<cash_fee><![CDATA[1]]></cash_fee>
<fee_type><![CDATA[CNY]]></fee_type>
<is_subscribe><![CDATA[Y]]></is_subscribe>
<mch_id><![CDATA[1260696401]]></mch_id>
<nonce_str><![CDATA[7wd96kx2qa41cdtzwdqb9bzahmffq5x7]]></nonce_str>
<openid><![CDATA[oPUQMwKK8PWDmP8uuhxagxwEh6gU]]></openid>
<out_trade_no><![CDATA[2017032326601]]></out_trade_no>
<result_code><![CDATA[SUCCESS]]></result_code>
<return_code><![CDATA[SUCCESS]]></return_code>
<sign><![CDATA[9BFE9DD2052C742409D85D430E32FCB2]]></sign>
<time_end><![CDATA[20170323180054]]></time_end>
<total_fee>1</total_fee>
<trade_type><![CDATA[JSAPI]]></trade_type>
<transaction_id><![CDATA[4009002001201703234379387845]]></transaction_id>
</xml>


执行日期：2017-03-23-18:03:27
【接收到的notify通知】:
<xml><appid><![CDATA[wxf4426e87f12503e3]]></appid>
<bank_type><![CDATA[CFT]]></bank_type>
<cash_fee><![CDATA[1]]></cash_fee>
<fee_type><![CDATA[CNY]]></fee_type>
<is_subscribe><![CDATA[Y]]></is_subscribe>
<mch_id><![CDATA[1260696401]]></mch_id>
<nonce_str><![CDATA[t86lrwhac4jcvmlek9xj8par7mbfkxc5]]></nonce_str>
<openid><![CDATA[oPUQMwDZ3mKiOSQyBCdX-XOuQ1-w]]></openid>
<out_trade_no><![CDATA[2017032324381]]></out_trade_no>
<result_code><![CDATA[SUCCESS]]></result_code>
<return_code><![CDATA[SUCCESS]]></return_code>
<sign><![CDATA[4804B17AB16535A3B869CA96319FD3B7]]></sign>
<time_end><![CDATA[20170323180327]]></time_end>
<total_fee>1</total_fee>
<trade_type><![CDATA[JSAPI]]></trade_type>
<transaction_id><![CDATA[4003292001201703234377701204]]></transaction_id>
</xml>


执行日期：2017-04-15-15:04:22
【接收到的notify通知】:
<xml><appid><![CDATA[wxf4426e87f12503e3]]></appid>
<bank_type><![CDATA[CFT]]></bank_type>
<cash_fee><![CDATA[10]]></cash_fee>
<fee_type><![CDATA[CNY]]></fee_type>
<is_subscribe><![CDATA[N]]></is_subscribe>
<mch_id><![CDATA[1260696401]]></mch_id>
<nonce_str><![CDATA[21jp5ufc70i0he6yewz1hsf4cabwofqs]]></nonce_str>
<openid><![CDATA[oPUQMwFasYhhXosFJUUBxppzScRM]]></openid>
<out_trade_no><![CDATA[14922398491798]]></out_trade_no>
<result_code><![CDATA[SUCCESS]]></result_code>
<return_code><![CDATA[SUCCESS]]></return_code>
<sign><![CDATA[46B4A53077B9E9D84248D0FD543EB848]]></sign>
<time_end><![CDATA[20170415150422]]></time_end>
<total_fee>10</total_fee>
<trade_type><![CDATA[JSAPI]]></trade_type>
<transaction_id><![CDATA[4009112001201704157093032192]]></transaction_id>
</xml>


执行日期：2017-05-11-18:21:12
【接收到的notify通知】:
<xml><appid><![CDATA[wxf4426e87f12503e3]]></appid>
<bank_type><![CDATA[CFT]]></bank_type>
<cash_fee><![CDATA[10]]></cash_fee>
<fee_type><![CDATA[CNY]]></fee_type>
<is_subscribe><![CDATA[Y]]></is_subscribe>
<mch_id><![CDATA[1260696401]]></mch_id>
<nonce_str><![CDATA[49i8ix4jg41w3qusvn9wtat1t52ptah4]]></nonce_str>
<openid><![CDATA[oPUQMwP3FuFWjhA0NZD09EDeQfs4]]></openid>
<out_trade_no><![CDATA[14944980675877]]></out_trade_no>
<result_code><![CDATA[SUCCESS]]></result_code>
<return_code><![CDATA[SUCCESS]]></return_code>
<sign><![CDATA[FDA96B98664145E65F9D08C1EBCAC157]]></sign>
<time_end><![CDATA[20170511182112]]></time_end>
<total_fee>10</total_fee>
<trade_type><![CDATA[JSAPI]]></trade_type>
<transaction_id><![CDATA[4007282001201705110439457960]]></transaction_id>
</xml>


执行日期：2017-05-13-15:26:20
【接收到的notify通知】:
<xml><appid><![CDATA[wxf4426e87f12503e3]]></appid>
<bank_type><![CDATA[CFT]]></bank_type>
<cash_fee><![CDATA[10]]></cash_fee>
<fee_type><![CDATA[CNY]]></fee_type>
<is_subscribe><![CDATA[Y]]></is_subscribe>
<mch_id><![CDATA[1260696401]]></mch_id>
<nonce_str><![CDATA[sl2ipqyqkfgpvvt865nns0ec5szlpepr]]></nonce_str>
<openid><![CDATA[oPUQMwCTkczgqoNxtAXM9nXCZKZw]]></openid>
<out_trade_no><![CDATA[14946603714113]]></out_trade_no>
<result_code><![CDATA[SUCCESS]]></result_code>
<return_code><![CDATA[SUCCESS]]></return_code>
<sign><![CDATA[71488802B9F7C138D5F25413B668DA8B]]></sign>
<time_end><![CDATA[20170513152619]]></time_end>
<total_fee>10</total_fee>
<trade_type><![CDATA[JSAPI]]></trade_type>
<transaction_id><![CDATA[4008562001201705130676163494]]></transaction_id>
</xml>


执行日期：2017-05-21-15:30:32
【接收到的notify通知】:
<xml><appid><![CDATA[wxf4426e87f12503e3]]></appid>
<bank_type><![CDATA[CMB_DEBIT]]></bank_type>
<cash_fee><![CDATA[1]]></cash_fee>
<fee_type><![CDATA[CNY]]></fee_type>
<is_subscribe><![CDATA[Y]]></is_subscribe>
<mch_id><![CDATA[1260696401]]></mch_id>
<nonce_str><![CDATA[sgr5klc7akkov186il0k1cpyak7o34ht]]></nonce_str>
<openid><![CDATA[oPUQMwMOncHHRpGsFmrWG7kTzf98]]></openid>
<out_trade_no><![CDATA[14953518164600]]></out_trade_no>
<result_code><![CDATA[SUCCESS]]></result_code>
<return_code><![CDATA[SUCCESS]]></return_code>
<sign><![CDATA[71161E4B534C9A921144AE1A7B24F8FA]]></sign>
<time_end><![CDATA[20170521153031]]></time_end>
<total_fee>1</total_fee>
<trade_type><![CDATA[JSAPI]]></trade_type>
<transaction_id><![CDATA[4001162001201705211883884946]]></transaction_id>
</xml>


